2025-01-29 22:00:17,382 - INFO - API 連接成功
2025-01-29 22:00:17,382 - INFO - 帳戶餘額: [{'coin': 'JUP', 'free': '0.09515', 'frozen': '0'}, {'coin': 'USDT', 'free': '126.69751662636', 'frozen': '0'}]
2025-01-29 22:00:18,124 - INFO - 成功獲取5個合約交易對的數據
2025-01-29 22:00:18,124 - INFO - 成功更新交易對列表: ['BTC_USDT_PERP', 'ETH_USDT_PERP', 'SOL_USDT_PERP', 'XRP_USDT_PERP', 'ADA_USDT_PERP']
2025-01-29 22:00:18,124 - INFO - 交易系統初始化成功
2025-01-29 22:00:18,334 - INFO - 開始初始化交易設置...
2025-01-29 22:00:18,334 - INFO - 當前交易設置: {'investment_amount': 3.0, 'leverage': 3, 'risk_level': '激進', 'grid_trading': True, 'smart_entry': True, 'auto_compound': True}
2025-01-29 22:00:18,334 - INFO - 可用交易對: ['BTC_USDT_PERP', 'ETH_USDT_PERP', 'SOL_USDT_PERP', 'XRP_USDT_PERP', 'ADA_USDT_PERP']
2025-01-29 22:00:18,334 - INFO - 已更新 BTC/USDT 的投資金額
2025-01-29 22:00:18,334 - INFO - 已更新 ETH/USDT 的投資金額
2025-01-29 22:00:18,334 - INFO - 交易設置初始化成功
2025-01-29 22:00:18,334 - INFO - 開始執行交易策略...
2025-01-29 22:00:18,619 - INFO - 成功獲取 330 個交易對的市場數據
2025-01-29 22:00:18,623 - ERROR - 市場情緒分析失敗: 'market_strength'
2025-01-29 22:00:18,625 - ERROR - 市場情緒分析失敗: 'market_strength'
2025-01-29 22:00:18,626 - ERROR - 市場情緒分析失敗: 'market_strength'
2025-01-29 22:00:18,627 - ERROR - 市場情緒分析失敗: 'market_strength'
2025-01-29 22:00:18,628 - ERROR - 市場情緒分析失敗: 'market_strength'
2025-01-29 22:00:18,628 - INFO - 交易系統啟動成功
2025-01-29 22:00:18,628 - INFO - 交易系統已啟動
2025-01-29 22:00:43,209 - INFO - API 連接成功
2025-01-29 22:00:43,209 - INFO - 帳戶餘額: [{'coin': 'JUP', 'free': '0.09515', 'frozen': '0'}, {'coin': 'USDT', 'free': '126.69751662636', 'frozen': '0'}]
2025-01-29 22:01:10,886 - INFO - 成功獲取5個合約交易對的數據
2025-01-29 22:01:20,192 - INFO - API 連接成功
2025-01-29 22:01:20,192 - INFO - 帳戶餘額: [{'coin': 'JUP', 'free': '0.09515', 'frozen': '0'}, {'coin': 'USDT', 'free': '126.69751662636', 'frozen': '0'}]
